Copyright 1986-2020 Xilinx, Inc. All Rights Reserved.
------------------------------------------------------------------------------------------
| Tool Version : Vivado v.2020.1 (win64) Build 2902540 Wed May 27 19:54:49 MDT 2020
| Date         : Mon Apr 27 18:12:56 2026
| Host         : HU-DOPX-ML26 running 64-bit major release  (build 9200)
| Command      : report_control_sets -verbose -file ProcessorFPGA_control_sets_placed.rpt
| Design       : ProcessorFPGA
| Device       : xc7a35t
------------------------------------------------------------------------------------------

Control Set Information

Table of Contents
-----------------
1. Summary
2. Histogram
3. Flip-Flop Distribution
4. Detailed Control Set Information

1. Summary
----------

+----------------------------------------------------------+-------+
|                          Status                          | Count |
+----------------------------------------------------------+-------+
| Total control sets                                       |    38 |
|    Minimum number of control sets                        |    38 |
|    Addition due to synthesis replication                 |     0 |
|    Addition due to physical synthesis replication        |     0 |
| Unused register locations in slices containing registers |    26 |
+----------------------------------------------------------+-------+
* Control sets can be merged at opt_design using control_set_merge or merge_equivalent_drivers
** Run report_qor_suggestions for automated merging and remapping suggestions


2. Histogram
------------

+--------------------+-------+
|       Fanout       | Count |
+--------------------+-------+
| Total control sets |    38 |
| >= 0 to < 4        |     1 |
| >= 4 to < 6        |     0 |
| >= 6 to < 8        |     0 |
| >= 8 to < 10       |     0 |
| >= 10 to < 12      |     0 |
| >= 12 to < 14      |     0 |
| >= 14 to < 16      |     0 |
| >= 16              |    37 |
+--------------------+-------+
* Control sets can be remapped at either synth_design or opt_design


3. Flip-Flop Distribution
-------------------------

+--------------+-----------------------+------------------------+-----------------+--------------+
| Clock Enable | Synchronous Set/Reset | Asynchronous Set/Reset | Total Registers | Total Slices |
+--------------+-----------------------+------------------------+-----------------+--------------+
| No           | No                    | No                     |               1 |            1 |
| No           | No                    | Yes                    |               0 |            0 |
| No           | Yes                   | No                     |              57 |           16 |
| Yes          | No                    | No                     |               1 |            1 |
| Yes          | No                    | Yes                    |             992 |          418 |
| Yes          | Yes                   | No                     |              67 |           30 |
+--------------+-----------------------+------------------------+-----------------+--------------+


4. Detailed Control Set Information
-----------------------------------

+----------------+----------------------------------+------------------+------------------+----------------+--------------+
|  Clock Signal  |           Enable Signal          | Set/Reset Signal | Slice Load Count | Bel Load Count | Bels / Slice |
+----------------+----------------------------------+------------------+------------------+----------------+--------------+
|  clk_IBUF_BUFG | u_debounce/clear                 |                  |                1 |              1 |         1.00 |
|  clk_IBUF_BUFG | u_processor/u_pc/E[0]            | u_debounce/SR[0] |                9 |             16 |         1.78 |
|  clk_IBUF_BUFG | u_debounce/stable_cnt[0]_i_1_n_0 | u_debounce/clear |                5 |             19 |         3.80 |
|  clk_IBUF_BUFG | u_processor/u_pc/PC_reg[7]_22[0] | u_debounce/SR[0] |               13 |             32 |         2.46 |
|  clk_IBUF_BUFG | u_processor/u_pc/PC_reg[7]_23[0] | u_debounce/SR[0] |               20 |             32 |         1.60 |
|  clk_IBUF_BUFG | u_processor/u_pc/PC_reg[5]_5[0]  | u_debounce/SR[0] |               15 |             32 |         2.13 |
|  clk_IBUF_BUFG | u_processor/u_pc/PC_reg[7]_14[0] | u_debounce/SR[0] |               11 |             32 |         2.91 |
|  clk_IBUF_BUFG | u_processor/u_pc/PC_reg[7]_20[0] | u_debounce/SR[0] |               22 |             32 |         1.45 |
|  clk_IBUF_BUFG | u_processor/u_pc/PC_reg[7]_27[0] | u_debounce/SR[0] |               15 |             32 |         2.13 |
|  clk_IBUF_BUFG | u_processor/u_pc/PC_reg[7]_17[0] | u_debounce/SR[0] |                9 |             32 |         3.56 |
|  clk_IBUF_BUFG | u_processor/u_pc/PC_reg[7]_8[0]  | u_debounce/SR[0] |               13 |             32 |         2.46 |
|  clk_IBUF_BUFG | u_processor/u_pc/PC_reg[7]_9[0]  | u_debounce/SR[0] |               11 |             32 |         2.91 |
|  clk_IBUF_BUFG | u_processor/u_pc/PC_reg[7]_15[0] | u_debounce/SR[0] |                9 |             32 |         3.56 |
|  clk_IBUF_BUFG | u_processor/u_pc/PC_reg[5]_6[0]  | u_debounce/SR[0] |               14 |             32 |         2.29 |
|  clk_IBUF_BUFG | u_processor/u_pc/PC_reg[7]_13[0] | u_debounce/SR[0] |               17 |             32 |         1.88 |
|  clk_IBUF_BUFG | u_processor/u_pc/PC_reg[5]_8[0]  | u_debounce/SR[0] |                8 |             32 |         4.00 |
|  clk_IBUF_BUFG | u_processor/u_pc/PC_reg[7]_11[0] | u_debounce/SR[0] |                8 |             32 |         4.00 |
|  clk_IBUF_BUFG | u_processor/u_pc/PC_reg[7]_26[0] | u_debounce/SR[0] |               19 |             32 |         1.68 |
|  clk_IBUF_BUFG | u_processor/u_pc/PC_reg[7]_12[0] | u_debounce/SR[0] |                9 |             32 |         3.56 |
|  clk_IBUF_BUFG | u_processor/u_pc/PC_reg[5]_4[0]  | u_debounce/SR[0] |               21 |             32 |         1.52 |
|  clk_IBUF_BUFG | u_processor/u_pc/PC_reg[5]_2[0]  | u_debounce/SR[0] |               10 |             32 |         3.20 |
|  clk_IBUF_BUFG | u_processor/u_pc/PC_reg[5]_9[0]  | u_debounce/SR[0] |               17 |             32 |         1.88 |
|  clk_IBUF_BUFG | u_processor/u_pc/PC_reg[7]_21[0] | u_debounce/SR[0] |               17 |             32 |         1.88 |
|  clk_IBUF_BUFG | u_processor/u_pc/PC_reg[7]_24[0] | u_debounce/SR[0] |               10 |             32 |         3.20 |
|  clk_IBUF_BUFG | u_processor/u_pc/PC_reg[7]_7[0]  | u_debounce/SR[0] |                8 |             32 |         4.00 |
|  clk_IBUF_BUFG | u_processor/u_pc/PC_reg[7]_25[0] | u_debounce/SR[0] |               13 |             32 |         2.46 |
|  clk_IBUF_BUFG | u_processor/u_pc/PC_reg[5]_10[0] | u_debounce/SR[0] |               17 |             32 |         1.88 |
|  clk_IBUF_BUFG | u_processor/u_pc/PC_reg[5]_3[0]  | u_debounce/SR[0] |               22 |             32 |         1.45 |
|  clk_IBUF_BUFG | u_processor/u_pc/PC_reg[7]_16[0] | u_debounce/SR[0] |               12 |             32 |         2.67 |
|  clk_IBUF_BUFG | u_processor/u_pc/PC_reg[5]_7[0]  | u_debounce/SR[0] |               12 |             32 |         2.67 |
|  clk_IBUF_BUFG | u_processor/u_pc/PC_reg[7]_10[0] | u_debounce/SR[0] |               12 |             32 |         2.67 |
|  clk_IBUF_BUFG | u_processor/u_pc/PC_reg[7]_18[0] | u_debounce/SR[0] |                8 |             32 |         4.00 |
|  clk_IBUF_BUFG | u_processor/u_pc/PC_reg[5]_1[0]  | u_debounce/SR[0] |               12 |             32 |         2.67 |
|  clk_IBUF_BUFG | u_clk_div/clk_en                 | u_debounce/SR[0] |               16 |             32 |         2.00 |
|  clk_IBUF_BUFG | u_processor/u_pc/PC_reg[7]_19[0] | u_debounce/SR[0] |               14 |             32 |         2.29 |
|  clk_IBUF_BUFG |                                  | u_debounce/SR[0] |               16 |             57 |         3.56 |
|  clk_IBUF_BUFG | u_processor/u_pc/PC_reg[7]_28    |                  |               32 |            128 |         4.00 |
|  clk_IBUF_BUFG |                                  |                  |               33 |            129 |         3.91 |
+----------------+----------------------------------+------------------+------------------+----------------+--------------+


