Vivado Simulator 2020.1
Copyright 1986-1999, 2001-2020 Xilinx, Inc. All Rights Reserved.
Running: C:/Xilinx/Vivado/2020.1/bin/unwrapped/win64.o/xelab.exe -wto 17bdf4cb61f54308a555ae3b8b0c95e6 --incr --debug typical --relax --mt 2 -L xil_defaultlib -L unisims_ver -L unimacro_ver -L secureip --snapshot tb_Fibonacci_behav xil_defaultlib.tb_Fibonacci xil_defaultlib.glbl -log elaborate.log 
Using 2 slave threads.
Starting static elaboration
Pass Through NonSizing Optimizer
Completed static elaboration
Starting simulation data flow analysis
WARNING: [XSIM 43-4099] "C:/Users/ea09904/Downloads/RISCV_Processor/projectlaba/projectlaba.srcs/sources_1/new/ALU.v" Line 72. Module ALU_default doesn't have a timescale but at least one module in design has a timescale.
WARNING: [XSIM 43-4099] "C:/Users/ea09904/Downloads/RISCV_Processor/projectlaba/projectlaba.srcs/sources_1/new/ALU.v" Line 72. Module ALU_default doesn't have a timescale but at least one module in design has a timescale.
Completed simulation data flow analysis
Time Resolution for simulation is 1ps
Compiling module xil_defaultlib.debouncer
Compiling module xil_defaultlib.clock_divider(MAX_COUNT=2)
Compiling module xil_defaultlib.ProgramCounter
Compiling module xil_defaultlib.pcAdder
Compiling module xil_defaultlib.InstructionMemory
Compiling module xil_defaultlib.immGen
Compiling module xil_defaultlib.branchAdder
Compiling module xil_defaultlib.MainControl
Compiling module xil_defaultlib.ALUControl
Compiling module xil_defaultlib.RegisterFile
Compiling module xil_defaultlib.mux2
Compiling module xil_defaultlib.FullAdder
Compiling module xil_defaultlib.ALU_default
Compiling module xil_defaultlib.TopLevelProcessor
Compiling module xil_defaultlib.AddressDecoder
Compiling module xil_defaultlib.DataMemory
Compiling module xil_defaultlib.leds
Compiling module xil_defaultlib.switches
Compiling module xil_defaultlib.ProcessorFPGA(CLK_DIVIDER=2)
Compiling module xil_defaultlib.tb_Fibonacci
Compiling module xil_defaultlib.glbl
Built simulation snapshot tb_Fibonacci_behav
