INFO: [VRFC 10-2263] Analyzing Verilog file "C:/Users/ea09904/Downloads/RISCV_Processor/projectlaba/projectlaba.srcs/sources_1/new/ALU.v" into library xil_defaultlib
INFO: [VRFC 10-311] analyzing module ALU
INFO: [VRFC 10-2263] Analyzing Verilog file "C:/Users/ea09904/Downloads/RISCV_Processor/projectlaba/projectlaba.srcs/sources_1/new/ALUControl.v" into library xil_defaultlib
INFO: [VRFC 10-311] analyzing module ALUControl
INFO: [VRFC 10-2263] Analyzing Verilog file "C:/Users/ea09904/Downloads/RISCV_Processor/projectlaba/projectlaba.srcs/sources_1/new/AddressDecoder.v" into library xil_defaultlib
INFO: [VRFC 10-311] analyzing module AddressDecoder
INFO: [VRFC 10-2263] Analyzing Verilog file "C:/Users/ea09904/Downloads/RISCV_Processor/projectlaba/projectlaba.srcs/sources_1/new/DataMemory.v" into library xil_defaultlib
INFO: [VRFC 10-311] analyzing module DataMemory
INFO: [VRFC 10-2263] Analyzing Verilog file "C:/Users/ea09904/Downloads/RISCV_Processor/projectlaba/projectlaba.srcs/sources_1/new/FullAdder.v" into library xil_defaultlib
INFO: [VRFC 10-311] analyzing module FullAdder
INFO: [VRFC 10-2263] Analyzing Verilog file "C:/Users/ea09904/Downloads/RISCV_Processor/projectlaba/projectlaba.srcs/sources_1/new/InstructionMemory.v" into library xil_defaultlib
INFO: [VRFC 10-311] analyzing module InstructionMemory
INFO: [VRFC 10-2263] Analyzing Verilog file "C:/Users/ea09904/Downloads/RISCV_Processor/projectlaba/projectlaba.srcs/sources_1/new/MainControl.v" into library xil_defaultlib
INFO: [VRFC 10-311] analyzing module MainControl
INFO: [VRFC 10-2263] Analyzing Verilog file "C:/Users/ea09904/Downloads/RISCV_Processor/projectlaba/projectlaba.srcs/sources_1/new/ProcessorFPGA.v" into library xil_defaultlib
INFO: [VRFC 10-311] analyzing module ProcessorFPGA
INFO: [VRFC 10-2263] Analyzing Verilog file "C:/Users/ea09904/Downloads/RISCV_Processor/projectlaba/projectlaba.srcs/sources_1/new/ProgramCounter.v" into library xil_defaultlib
INFO: [VRFC 10-311] analyzing module ProgramCounter
INFO: [VRFC 10-2263] Analyzing Verilog file "C:/Users/ea09904/Downloads/RISCV_Processor/projectlaba/projectlaba.srcs/sources_1/new/RegisterFile.v" into library xil_defaultlib
INFO: [VRFC 10-311] analyzing module RegisterFile
INFO: [VRFC 10-2263] Analyzing Verilog file "C:/Users/ea09904/Downloads/RISCV_Processor/projectlaba/projectlaba.srcs/sources_1/new/TopLevelProcessor.v" into library xil_defaultlib
INFO: [VRFC 10-311] analyzing module TopLevelProcessor
INFO: [VRFC 10-2263] Analyzing Verilog file "C:/Users/ea09904/Downloads/RISCV_Processor/projectlaba/projectlaba.srcs/sources_1/new/branchAdder.v" into library xil_defaultlib
INFO: [VRFC 10-311] analyzing module branchAdder
INFO: [VRFC 10-2263] Analyzing Verilog file "C:/Users/ea09904/Downloads/RISCV_Processor/projectlaba/projectlaba.srcs/sources_1/new/clock_divider.v" into library xil_defaultlib
INFO: [VRFC 10-311] analyzing module clock_divider
INFO: [VRFC 10-2263] Analyzing Verilog file "C:/Users/ea09904/Downloads/RISCV_Processor/projectlaba/projectlaba.srcs/sources_1/new/debouncer.v" into library xil_defaultlib
INFO: [VRFC 10-311] analyzing module debouncer
INFO: [VRFC 10-2263] Analyzing Verilog file "C:/Users/ea09904/Downloads/RISCV_Processor/projectlaba/projectlaba.srcs/sources_1/new/immGen.v" into library xil_defaultlib
INFO: [VRFC 10-311] analyzing module immGen
INFO: [VRFC 10-2263] Analyzing Verilog file "C:/Users/ea09904/Downloads/RISCV_Processor/projectlaba/projectlaba.srcs/sources_1/new/leds.v" into library xil_defaultlib
INFO: [VRFC 10-311] analyzing module leds
INFO: [VRFC 10-2263] Analyzing Verilog file "C:/Users/ea09904/Downloads/RISCV_Processor/projectlaba/projectlaba.srcs/sources_1/new/mux2.v" into library xil_defaultlib
INFO: [VRFC 10-311] analyzing module mux2
INFO: [VRFC 10-2263] Analyzing Verilog file "C:/Users/ea09904/Downloads/RISCV_Processor/projectlaba/projectlaba.srcs/sources_1/new/pcAdder.v" into library xil_defaultlib
INFO: [VRFC 10-311] analyzing module pcAdder
INFO: [VRFC 10-2263] Analyzing Verilog file "C:/Users/ea09904/Downloads/RISCV_Processor/projectlaba/projectlaba.srcs/sources_1/new/switches.v" into library xil_defaultlib
INFO: [VRFC 10-311] analyzing module switches
INFO: [VRFC 10-2263] Analyzing Verilog file "C:/Users/ea09904/Downloads/RISCV_Processor/projectlaba/projectlaba.srcs/sim_1/new/taskBtb.v" into library xil_defaultlib
INFO: [VRFC 10-311] analyzing module tb_Fibonacci
