
*** Running vivado
    with args -log ProcessorFPGA.vds -m64 -product Vivado -mode batch -messageDb vivado.pb -notrace -source ProcessorFPGA.tcl



****** Vivado v2020.1 (64-bit)
  **** SW Build 2902540 on Wed May 27 19:54:49 MDT 2020
  **** IP Build 2902112 on Wed May 27 22:43:36 MDT 2020
    ** Copyright 1986-2020 Xilinx, Inc. All Rights Reserved.

source ProcessorFPGA.tcl -notrace
Command: synth_design -top ProcessorFPGA -part xc7a35tcpg236-1
Starting synth_design
Attempting to get a license for feature 'Synthesis' and/or device 'xc7a35t'
INFO: [Common 17-349] Got license for feature 'Synthesis' and/or device 'xc7a35t'
INFO: [Device 21-403] Loading part xc7a35tcpg236-1
INFO: [Synth 8-7079] Multithreading enabled for synth_design using a maximum of 2 processes.
INFO: [Synth 8-7078] Launching helper process for spawning children vivado processes
INFO: [Synth 8-7075] Helper process launched with PID 20124
---------------------------------------------------------------------------------
Starting RTL Elaboration : Time (s): cpu = 00:00:02 ; elapsed = 00:00:03 . Memory (MB): peak = 1024.816 ; gain = 0.000
---------------------------------------------------------------------------------
INFO: [Synth 8-6157] synthesizing module 'ProcessorFPGA' [C:/Users/ea09904/Downloads/RISCV_Processor/projectlaba/projectlaba.srcs/sources_1/new/ProcessorFPGA.v:4]
	Parameter CLK_DIVIDER bound to: 13000000 - type: integer 
INFO: [Synth 8-6157] synthesizing module 'debouncer' [C:/Users/ea09904/Downloads/RISCV_Processor/projectlaba/projectlaba.srcs/sources_1/new/debouncer.v:2]
	Parameter STABLE_MAX bound to: 500000 - type: integer 
INFO: [Synth 8-6155] done synthesizing module 'debouncer' (1#1) [C:/Users/ea09904/Downloads/RISCV_Processor/projectlaba/projectlaba.srcs/sources_1/new/debouncer.v:2]
INFO: [Synth 8-6157] synthesizing module 'clock_divider' [C:/Users/ea09904/Downloads/RISCV_Processor/projectlaba/projectlaba.srcs/sources_1/new/clock_divider.v:2]
	Parameter MAX_COUNT bound to: 13000000 - type: integer 
INFO: [Synth 8-6155] done synthesizing module 'clock_divider' (2#1) [C:/Users/ea09904/Downloads/RISCV_Processor/projectlaba/projectlaba.srcs/sources_1/new/clock_divider.v:2]
INFO: [Synth 8-6157] synthesizing module 'TopLevelProcessor' [C:/Users/ea09904/Downloads/RISCV_Processor/projectlaba/projectlaba.srcs/sources_1/new/TopLevelProcessor.v:10]
	Parameter JALR_OP bound to: 7'b1100111 
	Parameter JAL_OP bound to: 7'b1101111 
	Parameter AUIPC_OP bound to: 7'b0010111 
INFO: [Synth 8-6157] synthesizing module 'ProgramCounter' [C:/Users/ea09904/Downloads/RISCV_Processor/projectlaba/projectlaba.srcs/sources_1/new/ProgramCounter.v:4]
INFO: [Synth 8-6155] done synthesizing module 'ProgramCounter' (3#1) [C:/Users/ea09904/Downloads/RISCV_Processor/projectlaba/projectlaba.srcs/sources_1/new/ProgramCounter.v:4]
INFO: [Synth 8-6157] synthesizing module 'pcAdder' [C:/Users/ea09904/Downloads/RISCV_Processor/projectlaba/projectlaba.srcs/sources_1/new/pcAdder.v:6]
INFO: [Synth 8-6155] done synthesizing module 'pcAdder' (4#1) [C:/Users/ea09904/Downloads/RISCV_Processor/projectlaba/projectlaba.srcs/sources_1/new/pcAdder.v:6]
INFO: [Synth 8-6157] synthesizing module 'InstructionMemory' [C:/Users/ea09904/Downloads/RISCV_Processor/projectlaba/projectlaba.srcs/sources_1/new/InstructionMemory.v:3]
	Parameter OPERAND_LENGTH bound to: 31 - type: integer 
INFO: [Synth 8-3876] $readmem data file 'fibonnaci.mem' is read successfully [C:/Users/ea09904/Downloads/RISCV_Processor/projectlaba/projectlaba.srcs/sources_1/new/InstructionMemory.v:13]
INFO: [Synth 8-6155] done synthesizing module 'InstructionMemory' (5#1) [C:/Users/ea09904/Downloads/RISCV_Processor/projectlaba/projectlaba.srcs/sources_1/new/InstructionMemory.v:3]
INFO: [Synth 8-6157] synthesizing module 'immGen' [C:/Users/ea09904/Downloads/RISCV_Processor/projectlaba/projectlaba.srcs/sources_1/new/immGen.v:7]
	Parameter LOAD bound to: 7'b0000011 
	Parameter I_ARITH bound to: 7'b0010011 
	Parameter JALR bound to: 7'b1100111 
	Parameter STORE bound to: 7'b0100011 
	Parameter BRANCH bound to: 7'b1100011 
	Parameter LUI bound to: 7'b0110111 
	Parameter AUIPC bound to: 7'b0010111 
	Parameter JAL bound to: 7'b1101111 
INFO: [Synth 8-6155] done synthesizing module 'immGen' (6#1) [C:/Users/ea09904/Downloads/RISCV_Processor/projectlaba/projectlaba.srcs/sources_1/new/immGen.v:7]
INFO: [Synth 8-6157] synthesizing module 'branchAdder' [C:/Users/ea09904/Downloads/RISCV_Processor/projectlaba/projectlaba.srcs/sources_1/new/branchAdder.v:35]
INFO: [Synth 8-6155] done synthesizing module 'branchAdder' (7#1) [C:/Users/ea09904/Downloads/RISCV_Processor/projectlaba/projectlaba.srcs/sources_1/new/branchAdder.v:35]
INFO: [Synth 8-6157] synthesizing module 'MainControl' [C:/Users/ea09904/Downloads/RISCV_Processor/projectlaba/projectlaba.srcs/sources_1/new/MainControl.v:22]
	Parameter R_TYPE bound to: 7'b0110011 
	Parameter I_ARITH bound to: 7'b0010011 
	Parameter LOAD bound to: 7'b0000011 
	Parameter STORE bound to: 7'b0100011 
	Parameter BRANCH bound to: 7'b1100011 
	Parameter JAL bound to: 7'b1101111 
	Parameter JALR bound to: 7'b1100111 
	Parameter LUI bound to: 7'b0110111 
	Parameter AUIPC bound to: 7'b0010111 
INFO: [Synth 8-6155] done synthesizing module 'MainControl' (8#1) [C:/Users/ea09904/Downloads/RISCV_Processor/projectlaba/projectlaba.srcs/sources_1/new/MainControl.v:22]
INFO: [Synth 8-6157] synthesizing module 'ALUControl' [C:/Users/ea09904/Downloads/RISCV_Processor/projectlaba/projectlaba.srcs/sources_1/new/ALUControl.v:20]
INFO: [Synth 8-226] default block is never used [C:/Users/ea09904/Downloads/RISCV_Processor/projectlaba/projectlaba.srcs/sources_1/new/ALUControl.v:28]
INFO: [Synth 8-6155] done synthesizing module 'ALUControl' (9#1) [C:/Users/ea09904/Downloads/RISCV_Processor/projectlaba/projectlaba.srcs/sources_1/new/ALUControl.v:20]
INFO: [Synth 8-6157] synthesizing module 'RegisterFile' [C:/Users/ea09904/Downloads/RISCV_Processor/projectlaba/projectlaba.srcs/sources_1/new/RegisterFile.v:66]
INFO: [Synth 8-6155] done synthesizing module 'RegisterFile' (10#1) [C:/Users/ea09904/Downloads/RISCV_Processor/projectlaba/projectlaba.srcs/sources_1/new/RegisterFile.v:66]
INFO: [Synth 8-6157] synthesizing module 'mux2' [C:/Users/ea09904/Downloads/RISCV_Processor/projectlaba/projectlaba.srcs/sources_1/new/mux2.v:24]
INFO: [Synth 8-6155] done synthesizing module 'mux2' (11#1) [C:/Users/ea09904/Downloads/RISCV_Processor/projectlaba/projectlaba.srcs/sources_1/new/mux2.v:24]
INFO: [Synth 8-6157] synthesizing module 'ALU' [C:/Users/ea09904/Downloads/RISCV_Processor/projectlaba/projectlaba.srcs/sources_1/new/ALU.v:72]
	Parameter AND_OP bound to: 4'b0000 
	Parameter OR_OP bound to: 4'b0001 
	Parameter ADD_OP bound to: 4'b0010 
	Parameter SUB_OP bound to: 4'b0110 
	Parameter XOR_OP bound to: 4'b0100 
	Parameter SLL_OP bound to: 4'b1000 
	Parameter SRL_OP bound to: 4'b1001 
INFO: [Synth 8-6157] synthesizing module 'FullAdder' [C:/Users/ea09904/Downloads/RISCV_Processor/projectlaba/projectlaba.srcs/sources_1/new/FullAdder.v:2]
INFO: [Synth 8-6155] done synthesizing module 'FullAdder' (12#1) [C:/Users/ea09904/Downloads/RISCV_Processor/projectlaba/projectlaba.srcs/sources_1/new/FullAdder.v:2]
INFO: [Synth 8-6155] done synthesizing module 'ALU' (13#1) [C:/Users/ea09904/Downloads/RISCV_Processor/projectlaba/projectlaba.srcs/sources_1/new/ALU.v:72]
INFO: [Synth 8-6155] done synthesizing module 'TopLevelProcessor' (14#1) [C:/Users/ea09904/Downloads/RISCV_Processor/projectlaba/projectlaba.srcs/sources_1/new/TopLevelProcessor.v:10]
INFO: [Synth 8-6157] synthesizing module 'AddressDecoder' [C:/Users/ea09904/Downloads/RISCV_Processor/projectlaba/projectlaba.srcs/sources_1/new/AddressDecoder.v:3]
INFO: [Synth 8-6155] done synthesizing module 'AddressDecoder' (15#1) [C:/Users/ea09904/Downloads/RISCV_Processor/projectlaba/projectlaba.srcs/sources_1/new/AddressDecoder.v:3]
INFO: [Synth 8-6157] synthesizing module 'DataMemory' [C:/Users/ea09904/Downloads/RISCV_Processor/projectlaba/projectlaba.srcs/sources_1/new/DataMemory.v:2]
INFO: [Synth 8-6155] done synthesizing module 'DataMemory' (16#1) [C:/Users/ea09904/Downloads/RISCV_Processor/projectlaba/projectlaba.srcs/sources_1/new/DataMemory.v:2]
INFO: [Synth 8-6157] synthesizing module 'leds' [C:/Users/ea09904/Downloads/RISCV_Processor/projectlaba/projectlaba.srcs/sources_1/new/leds.v:35]
INFO: [Synth 8-6155] done synthesizing module 'leds' (17#1) [C:/Users/ea09904/Downloads/RISCV_Processor/projectlaba/projectlaba.srcs/sources_1/new/leds.v:35]
INFO: [Synth 8-6157] synthesizing module 'switches' [C:/Users/ea09904/Downloads/RISCV_Processor/projectlaba/projectlaba.srcs/sources_1/new/switches.v:2]
INFO: [Synth 8-6155] done synthesizing module 'switches' (18#1) [C:/Users/ea09904/Downloads/RISCV_Processor/projectlaba/projectlaba.srcs/sources_1/new/switches.v:2]
INFO: [Synth 8-6155] done synthesizing module 'ProcessorFPGA' (19#1) [C:/Users/ea09904/Downloads/RISCV_Processor/projectlaba/projectlaba.srcs/sources_1/new/ProcessorFPGA.v:4]
---------------------------------------------------------------------------------
Finished RTL Elaboration : Time (s): cpu = 00:00:03 ; elapsed = 00:00:03 . Memory (MB): peak = 1024.816 ; gain = 0.000
---------------------------------------------------------------------------------
---------------------------------------------------------------------------------
Start Handling Custom Attributes
---------------------------------------------------------------------------------
---------------------------------------------------------------------------------
Finished Handling Custom Attributes : Time (s): cpu = 00:00:03 ; elapsed = 00:00:04 . Memory (MB): peak = 1024.816 ; gain = 0.000
---------------------------------------------------------------------------------
---------------------------------------------------------------------------------
Finished RTL Optimization Phase 1 : Time (s): cpu = 00:00:03 ; elapsed = 00:00:04 . Memory (MB): peak = 1024.816 ; gain = 0.000
---------------------------------------------------------------------------------
Netlist sorting complete. Time (s): cpu = 00:00:00 ; elapsed = 00:00:00.015 . Memory (MB): peak = 1024.816 ; gain = 0.000
